# JRE version: 7.0_09-b05
# Java VM: Java HotSpot(TM) 64-Bit Server VM (23.5-b02 mixed mode windows-amd64 compressed oops)
Heap
 PSYoungGen      total 83904K, used 66136K [0x00000000eb2b0000, 0x00000000f0800000, 0x0000000100000000)
  eden space 80832K, 78% used [0x00000000eb2b0000,0x00000000ef054a50,0x00000000f01a0000)
  from space 3072K, 98% used [0x00000000f01a0000,0x00000000f04917a0,0x00000000f04a0000)
  to   space 3456K, 0% used [0x00000000f04a0000,0x00000000f04a0000,0x00000000f0800000)
 ParOldGen       total 174784K, used 50069K [0x00000000c1800000, 0x00000000cc2b0000, 0x00000000eb2b0000)
  object space 174784K, 28% used [0x00000000c1800000,0x00000000c48e57f0,0x00000000cc2b0000)
 PSPermGen       total 47360K, used 47242K [0x00000000bc600000, 0x00000000bf440000, 0x00000000c1800000)
  object space 47360K, 99% used [0x00000000bc600000,0x00000000bf422b10,0x00000000bf440000)
GC Heap History (10 events):
Event: 112.832 GC heap before
{Heap before GC invocations=49 (full 0):
 PSYoungGen      total 84032K, used 81024K [0x00000000eb2b0000, 0x00000000f0800000, 0x0000000100000000)
  eden space 80448K, 100% used [0x00000000eb2b0000,0x00000000f0140000,0x00000000f0140000)
  from space 3584K, 16% used [0x00000000f0480000,0x00000000f0510000,0x00000000f0800000)
  to   space 3328K, 0% used [0x00000000f0140000,0x00000000f0140000,0x00000000f0480000)
 ParOldGen       total 174784K, used 47623K [0x00000000c1800000, 0x00000000cc2b0000, 0x00000000eb2b0000)
  object space 174784K, 27% used [0x00000000c1800000,0x00000000c4681f38,0x00000000cc2b0000)
 PSPermGen       total 47360K, used 47179K [0x00000000bc600000, 0x00000000bf440000, 0x00000000c1800000)
  object space 47360K, 99% used [0x00000000bc600000,0x00000000bf412c40,0x00000000bf440000)
Event: 112.834 GC heap after
Heap after GC invocations=49 (full 0):
 PSYoungGen      total 83776K, used 729K [0x00000000eb2b0000, 0x00000000f0800000, 0x0000000100000000)
  eden space 80448K, 0% used [0x00000000eb2b0000,0x00000000eb2b0000,0x00000000f0140000)
  from space 3328K, 21% used [0x00000000f0140000,0x00000000f01f6540,0x00000000f0480000)
  to   space 3136K, 0% used [0x00000000f04f0000,0x00000000f04f0000,0x00000000f0800000)
 ParOldGen       total 174784K, used 47647K [0x00000000c1800000, 0x00000000cc2b0000, 0x00000000eb2b0000)
  object space 174784K, 27% used [0x00000000c1800000,0x00000000c4687f38,0x00000000cc2b0000)
 PSPermGen       total 47360K, used 47179K [0x00000000bc600000, 0x00000000bf440000, 0x00000000c1800000)
  object space 47360K, 99% used [0x00000000bc600000,0x00000000bf412c40,0x00000000bf440000)
}
Event: 113.356 GC heap before
{Heap before GC invocations=50 (full 0):
 PSYoungGen      total 83776K, used 81177K [0x00000000eb2b0000, 0x00000000f0800000, 0x0000000100000000)
  eden space 80448K, 100% used [0x00000000eb2b0000,0x00000000f0140000,0x00000000f0140000)
  from space 3328K, 21% used [0x00000000f0140000,0x00000000f01f6540,0x00000000f0480000)
  to   space 3136K, 0% used [0x00000000f04f0000,0x00000000f04f0000,0x00000000f0800000)
 ParOldGen       total 174784K, used 47647K [0x00000000c1800000, 0x00000000cc2b0000, 0x00000000eb2b0000)
  object space 174784K, 27% used [0x00000000c1800000,0x00000000c4687f38,0x00000000cc2b0000)
 PSPermGen       total 47360K, used 47179K [0x00000000bc600000, 0x00000000bf440000, 0x00000000c1800000)
  object space 47360K, 99% used [0x00000000bc600000,0x00000000bf412c40,0x00000000bf440000)
Event: 113.359 GC heap after
Heap after GC invocations=50 (full 0):
 PSYoungGen      total 84416K, used 576K [0x00000000eb2b0000, 0x00000000f0800000, 0x0000000100000000)
  eden space 81280K, 0% used [0x00000000eb2b0000,0x00000000eb2b0000,0x00000000f0210000)
  from space 3136K, 18% used [0x00000000f04f0000,0x00000000f0580000,0x00000000f0800000)
  to   space 2944K, 0% used [0x00000000f0210000,0x00000000f0210000,0x00000000f04f0000)
 ParOldGen       total 174784K, used 47779K [0x00000000c1800000, 0x00000000cc2b0000, 0x00000000eb2b0000)
  object space 174784K, 27% used [0x00000000c1800000,0x00000000c46a8ec8,0x00000000cc2b0000)
 PSPermGen       total 47360K, used 47179K [0x00000000bc600000, 0x00000000bf440000, 0x00000000c1800000)
  object space 47360K, 99% used [0x00000000bc600000,0x00000000bf412c40,0x00000000bf440000)
}
Event: 113.889 GC heap before
{Heap before GC invocations=51 (full 0):
 PSYoungGen      total 84416K, used 81856K [0x00000000eb2b0000, 0x00000000f0800000, 0x0000000100000000)
  eden space 81280K, 100% used [0x00000000eb2b0000,0x00000000f0210000,0x00000000f0210000)
  from space 3136K, 18% used [0x00000000f04f0000,0x00000000f0580000,0x00000000f0800000)
  to   space 2944K, 0% used [0x00000000f0210000,0x00000000f0210000,0x00000000f04f0000)
 ParOldGen       total 174784K, used 47779K [0x00000000c1800000, 0x00000000cc2b0000, 0x00000000eb2b0000)
  object space 174784K, 27% used [0x00000000c1800000,0x00000000c46a8ec8,0x00000000cc2b0000)
 PSPermGen       total 47360K, used 47179K [0x00000000bc600000, 0x00000000bf440000, 0x00000000c1800000)
  object space 47360K, 99% used [0x00000000bc600000,0x00000000bf412ce8,0x00000000bf440000)
Event: 113.892 GC heap after
Heap after GC invocations=51 (full 0):
 PSYoungGen      total 84224K, used 608K [0x00000000eb2b0000, 0x00000000f0800000, 0x0000000100000000)
  eden space 81280K, 0% used [0x00000000eb2b0000,0x00000000eb2b0000,0x00000000f0210000)
  from space 2944K, 20% used [0x00000000f0210000,0x00000000f02a8000,0x00000000f04f0000)
  to   space 2752K, 0% used [0x00000000f0550000,0x00000000f0550000,0x00000000f0800000)
 ParOldGen       total 174784K, used 47803K [0x00000000c1800000, 0x00000000cc2b0000, 0x00000000eb2b0000)
  object space 174784K, 27% used [0x00000000c1800000,0x00000000c46aeec8,0x00000000cc2b0000)
 PSPermGen       total 47360K, used 47179K [0x00000000bc600000, 0x00000000bf440000, 0x00000000c1800000)
  object space 47360K, 99% used [0x00000000bc600000,0x00000000bf412ce8,0x00000000bf440000)
}
Event: 129.627 GC heap before
{Heap before GC invocations=52 (full 0):
 PSYoungGen      total 84224K, used 80569K [0x00000000eb2b0000, 0x00000000f0800000, 0x0000000100000000)
  eden space 81280K, 98% used [0x00000000eb2b0000,0x00000000f00c6530,0x00000000f0210000)
  from space 2944K, 20% used [0x00000000f0210000,0x00000000f02a8000,0x00000000f04f0000)
  to   space 2752K, 0% used [0x00000000f0550000,0x00000000f0550000,0x00000000f0800000)
 ParOldGen       total 174784K, used 47803K [0x00000000c1800000, 0x00000000cc2b0000, 0x00000000eb2b0000)
  object space 174784K, 27% used [0x00000000c1800000,0x00000000c46aeec8,0x00000000cc2b0000)
 PSPermGen       total 47360K, used 47187K [0x00000000bc600000, 0x00000000bf440000, 0x00000000c1800000)
  object space 47360K, 99% used [0x00000000bc600000,0x00000000bf414cd0,0x00000000bf440000)
Event: 129.629 GC heap after
Heap after GC invocations=52 (full 0):
 PSYoungGen      total 83584K, used 2668K [0x00000000eb2b0000, 0x00000000f0800000, 0x0000000100000000)
  eden space 80832K, 0% used [0x00000000eb2b0000,0x00000000eb2b0000,0x00000000f01a0000)
  from space 2752K, 96% used [0x00000000f0550000,0x00000000f07eb258,0x00000000f0800000)
  to   space 3264K, 0% used [0x00000000f01a0000,0x00000000f01a0000,0x00000000f04d0000)
 ParOldGen       total 174784K, used 49701K [0x00000000c1800000, 0x00000000cc2b0000, 0x00000000eb2b0000)
  object space 174784K, 28% used [0x00000000c1800000,0x00000000c48897d0,0x00000000cc2b0000)
 PSPermGen       total 47360K, used 47187K [0x00000000bc600000, 0x00000000bf440000, 0x00000000c1800000)
  object space 47360K, 99% used [0x00000000bc600000,0x00000000bf414cd0,0x00000000bf440000)
}
Event: 158.481 GC heap before
{Heap before GC invocations=53 (full 0):
 PSYoungGen      total 83584K, used 83500K [0x00000000eb2b0000, 0x00000000f0800000, 0x0000000100000000)
  eden space 80832K, 100% used [0x00000000eb2b0000,0x00000000f01a0000,0x00000000f01a0000)
  from space 2752K, 96% used [0x00000000f0550000,0x00000000f07eb258,0x00000000f0800000)
  to   space 3264K, 0% used [0x00000000f01a0000,0x00000000f01a0000,0x00000000f04d0000)
 ParOldGen       total 174784K, used 49701K [0x00000000c1800000, 0x00000000cc2b0000, 0x00000000eb2b0000)
  object space 174784K, 28% used [0x00000000c1800000,0x00000000c48897d0,0x00000000cc2b0000)
 PSPermGen       total 47360K, used 47221K [0x00000000bc600000, 0x00000000bf440000, 0x00000000c1800000)
  object space 47360K, 99% used [0x00000000bc600000,0x00000000bf41d570,0x00000000bf440000)
Event: 158.483 GC heap after
Heap after GC invocations=53 (full 0):
 PSYoungGen      total 83904K, used 3013K [0x00000000eb2b0000, 0x00000000f0800000, 0x0000000100000000)
  eden space 80832K, 0% used [0x00000000eb2b0000,0x00000000eb2b0000,0x00000000f01a0000)
  from space 3072K, 98% used [0x00000000f01a0000,0x00000000f04917a0,0x00000000f04a0000)
  to   space 3456K, 0% used [0x00000000f04a0000,0x00000000f04a0000,0x00000000f0800000)
 ParOldGen       total 174784K, used 50069K [0x00000000c1800000, 0x00000000cc2b0000, 0x00000000eb2b0000)
  object space 174784K, 28% used [0x00000000c1800000,0x00000000c48e57f0,0x00000000cc2b0000)
 PSPermGen       total 47360K, used 47221K [0x00000000bc600000, 0x00000000bf440000, 0x00000000c1800000)
  object space 47360K, 99% used [0x00000000bc600000,0x00000000bf41d570,0x00000000bf440000)
}

