# JRE version: 7.0_09-b05
# Java VM: Java HotSpot(TM) 64-Bit Server VM (23.5-b02 mixed mode windows-amd64 compressed oops)
Heap
 PSYoungGen      total 67776K, used 32851K [0x00000000eb2b0000, 0x00000000f0c80000, 0x0000000100000000)
  eden space 57280K, 39% used [0x00000000eb2b0000,0x00000000ec88abf8,0x00000000eeaa0000)
  from space 10496K, 99% used [0x00000000eec00000,0x00000000ef63a330,0x00000000ef640000)
  to   space 17344K, 0% used [0x00000000efb90000,0x00000000efb90000,0x00000000f0c80000)
 ParOldGen       total 215232K, used 202064K [0x00000000c1800000, 0x00000000cea30000, 0x00000000eb2b0000)
  object space 215232K, 93% used [0x00000000c1800000,0x00000000cdd54178,0x00000000cea30000)
 PSPermGen       total 83968K, used 50575K [0x00000000bc600000, 0x00000000c1800000, 0x00000000c1800000)
  object space 83968K, 60% used [0x00000000bc600000,0x00000000bf763fb8,0x00000000c1800000)
GC Heap History (10 events):
Event: 823.443 GC heap before
{Heap before GC invocations=136 (full 3):
 PSYoungGen      total 75648K, used 72719K [0x00000000eb2b0000, 0x00000000f0800000, 0x0000000100000000)
  eden space 66112K, 100% used [0x00000000eb2b0000,0x00000000ef340000,0x00000000ef340000)
  from space 9536K, 69% used [0x00000000efeb0000,0x00000000f0523c70,0x00000000f0800000)
  to   space 10624K, 0% used [0x00000000ef340000,0x00000000ef340000,0x00000000efda0000)
 ParOldGen       total 215232K, used 192495K [0x00000000c1800000, 0x00000000cea30000, 0x00000000eb2b0000)
  object space 215232K, 89% used [0x00000000c1800000,0x00000000cd3fbc78,0x00000000cea30000)
 PSPermGen       total 83968K, used 50552K [0x00000000bc600000, 0x00000000c1800000, 0x00000000c1800000)
  object space 83968K, 60% used [0x00000000bc600000,0x00000000bf75e298,0x00000000c1800000)
Event: 823.446 GC heap after
Heap after GC invocations=136 (full 3):
 PSYoungGen      total 72320K, used 7841K [0x00000000eb2b0000, 0x00000000f0900000, 0x0000000100000000)
  eden space 64448K, 0% used [0x00000000eb2b0000,0x00000000eb2b0000,0x00000000ef1a0000)
  from space 7872K, 99% used [0x00000000ef340000,0x00000000efae8550,0x00000000efaf0000)
  to   space 11968K, 0% used [0x00000000efd50000,0x00000000efd50000,0x00000000f0900000)
 ParOldGen       total 215232K, used 192495K [0x00000000c1800000, 0x00000000cea30000, 0x00000000eb2b0000)
  object space 215232K, 89% used [0x00000000c1800000,0x00000000cd3fbc78,0x00000000cea30000)
 PSPermGen       total 83968K, used 50552K [0x00000000bc600000, 0x00000000c1800000, 0x00000000c1800000)
  object space 83968K, 60% used [0x00000000bc600000,0x00000000bf75e298,0x00000000c1800000)
}
Event: 835.937 GC heap before
{Heap before GC invocations=137 (full 3):
 PSYoungGen      total 72320K, used 72289K [0x00000000eb2b0000, 0x00000000f0900000, 0x0000000100000000)
  eden space 64448K, 100% used [0x00000000eb2b0000,0x00000000ef1a0000,0x00000000ef1a0000)
  from space 7872K, 99% used [0x00000000ef340000,0x00000000efae8550,0x00000000efaf0000)
  to   space 11968K, 0% used [0x00000000efd50000,0x00000000efd50000,0x00000000f0900000)
 ParOldGen       total 215232K, used 192495K [0x00000000c1800000, 0x00000000cea30000, 0x00000000eb2b0000)
  object space 215232K, 89% used [0x00000000c1800000,0x00000000cd3fbc78,0x00000000cea30000)
 PSPermGen       total 83968K, used 50562K [0x00000000bc600000, 0x00000000c1800000, 0x00000000c1800000)
  object space 83968K, 60% used [0x00000000bc600000,0x00000000bf760be8,0x00000000c1800000)
Event: 835.940 GC heap after
Heap after GC invocations=137 (full 3):
 PSYoungGen      total 74816K, used 7787K [0x00000000eb2b0000, 0x00000000f0950000, 0x0000000100000000)
  eden space 62848K, 0% used [0x00000000eb2b0000,0x00000000eb2b0000,0x00000000ef010000)
  from space 11968K, 65% used [0x00000000efd50000,0x00000000f04eaec0,0x00000000f0900000)
  to   space 12928K, 0% used [0x00000000ef010000,0x00000000ef010000,0x00000000efcb0000)
 ParOldGen       total 215232K, used 192495K [0x00000000c1800000, 0x00000000cea30000, 0x00000000eb2b0000)
  object space 215232K, 89% used [0x00000000c1800000,0x00000000cd3fbc78,0x00000000cea30000)
 PSPermGen       total 83968K, used 50562K [0x00000000bc600000, 0x00000000c1800000, 0x00000000c1800000)
  object space 83968K, 60% used [0x00000000bc600000,0x00000000bf760be8,0x00000000c1800000)
}
Event: 838.235 GC heap before
{Heap before GC invocations=138 (full 3):
 PSYoungGen      total 74816K, used 70635K [0x00000000eb2b0000, 0x00000000f0950000, 0x0000000100000000)
  eden space 62848K, 100% used [0x00000000eb2b0000,0x00000000ef010000,0x00000000ef010000)
  from space 11968K, 65% used [0x00000000efd50000,0x00000000f04eaec0,0x00000000f0900000)
  to   space 12928K, 0% used [0x00000000ef010000,0x00000000ef010000,0x00000000efcb0000)
 ParOldGen       total 215232K, used 192495K [0x00000000c1800000, 0x00000000cea30000, 0x00000000eb2b0000)
  object space 215232K, 89% used [0x00000000c1800000,0x00000000cd3fbc78,0x00000000cea30000)
 PSPermGen       total 83968K, used 50566K [0x00000000bc600000, 0x00000000c1800000, 0x00000000c1800000)
  object space 83968K, 60% used [0x00000000bc600000,0x00000000bf761898,0x00000000c1800000)
Event: 838.238 GC heap after
Heap after GC invocations=138 (full 3):
 PSYoungGen      total 69056K, used 7707K [0x00000000eb2b0000, 0x00000000f0950000, 0x0000000100000000)
  eden space 61312K, 0% used [0x00000000eb2b0000,0x00000000eb2b0000,0x00000000eee90000)
  from space 7744K, 99% used [0x00000000ef010000,0x00000000ef796ef0,0x00000000ef7a0000)
  to   space 13696K, 0% used [0x00000000efbf0000,0x00000000efbf0000,0x00000000f0950000)
 ParOldGen       total 215232K, used 192495K [0x00000000c1800000, 0x00000000cea30000, 0x00000000eb2b0000)
  object space 215232K, 89% used [0x00000000c1800000,0x00000000cd3fbc78,0x00000000cea30000)
 PSPermGen       total 83968K, used 50566K [0x00000000bc600000, 0x00000000c1800000, 0x00000000c1800000)
  object space 83968K, 60% used [0x00000000bc600000,0x00000000bf761898,0x00000000c1800000)
}
Event: 850.084 GC heap before
{Heap before GC invocations=139 (full 3):
 PSYoungGen      total 69056K, used 69019K [0x00000000eb2b0000, 0x00000000f0950000, 0x0000000100000000)
  eden space 61312K, 100% used [0x00000000eb2b0000,0x00000000eee90000,0x00000000eee90000)
  from space 7744K, 99% used [0x00000000ef010000,0x00000000ef796ef0,0x00000000ef7a0000)
  to   space 13696K, 0% used [0x00000000efbf0000,0x00000000efbf0000,0x00000000f0950000)
 ParOldGen       total 215232K, used 192495K [0x00000000c1800000, 0x00000000cea30000, 0x00000000eb2b0000)
  object space 215232K, 89% used [0x00000000c1800000,0x00000000cd3fbc78,0x00000000cea30000)
 PSPermGen       total 83968K, used 50573K [0x00000000bc600000, 0x00000000c1800000, 0x00000000c1800000)
  object space 83968K, 60% used [0x00000000bc600000,0x00000000bf7634b0,0x00000000c1800000)
Event: 850.090 GC heap after
Heap after GC invocations=139 (full 3):
 PSYoungGen      total 72384K, used 13488K [0x00000000eb2b0000, 0x00000000f0cf0000, 0x0000000100000000)
  eden space 58688K, 0% used [0x00000000eb2b0000,0x00000000eb2b0000,0x00000000eec00000)
  from space 13696K, 98% used [0x00000000efbf0000,0x00000000f091c248,0x00000000f0950000)
  to   space 16320K, 0% used [0x00000000eec00000,0x00000000eec00000,0x00000000efbf0000)
 ParOldGen       total 215232K, used 202064K [0x00000000c1800000, 0x00000000cea30000, 0x00000000eb2b0000)
  object space 215232K, 93% used [0x00000000c1800000,0x00000000cdd54178,0x00000000cea30000)
 PSPermGen       total 83968K, used 50573K [0x00000000bc600000, 0x00000000c1800000, 0x00000000c1800000)
  object space 83968K, 60% used [0x00000000bc600000,0x00000000bf7634b0,0x00000000c1800000)
}
Event: 866.863 GC heap before
{Heap before GC invocations=140 (full 3):
 PSYoungGen      total 72384K, used 72176K [0x00000000eb2b0000, 0x00000000f0cf0000, 0x0000000100000000)
  eden space 58688K, 100% used [0x00000000eb2b0000,0x00000000eec00000,0x00000000eec00000)
  from space 13696K, 98% used [0x00000000efbf0000,0x00000000f091c248,0x00000000f0950000)
  to   space 16320K, 0% used [0x00000000eec00000,0x00000000eec00000,0x00000000efbf0000)
 ParOldGen       total 215232K, used 202064K [0x00000000c1800000, 0x00000000cea30000, 0x00000000eb2b0000)
  object space 215232K, 93% used [0x00000000c1800000,0x00000000cdd54178,0x00000000cea30000)
 PSPermGen       total 83968K, used 50575K [0x00000000bc600000, 0x00000000c1800000, 0x00000000c1800000)
  object space 83968K, 60% used [0x00000000bc600000,0x00000000bf763e00,0x00000000c1800000)
Event: 866.867 GC heap after
Heap after GC invocations=140 (full 3):
 PSYoungGen      total 67776K, used 10472K [0x00000000eb2b0000, 0x00000000f0c80000, 0x0000000100000000)
  eden space 57280K, 0% used [0x00000000eb2b0000,0x00000000eb2b0000,0x00000000eeaa0000)
  from space 10496K, 99% used [0x00000000eec00000,0x00000000ef63a330,0x00000000ef640000)
  to   space 17344K, 0% used [0x00000000efb90000,0x00000000efb90000,0x00000000f0c80000)
 ParOldGen       total 215232K, used 202064K [0x00000000c1800000, 0x00000000cea30000, 0x00000000eb2b0000)
  object space 215232K, 93% used [0x00000000c1800000,0x00000000cdd54178,0x00000000cea30000)
 PSPermGen       total 83968K, used 50575K [0x00000000bc600000, 0x00000000c1800000, 0x00000000c1800000)
  object space 83968K, 60% used [0x00000000bc600000,0x00000000bf763e00,0x00000000c1800000)
}

