# JRE version: 7.0_09-b05
# Java VM: Java HotSpot(TM) 64-Bit Server VM (23.5-b02 mixed mode windows-amd64 compressed oops)
Heap
 PSYoungGen      total 82304K, used 30234K [0x00000000eb2b0000, 0x00000000f26e0000, 0x0000000100000000)
  eden space 47936K, 61% used [0x00000000eb2b0000,0x00000000ecf8e958,0x00000000ee180000)
  from space 34368K, 1% used [0x00000000f0550000,0x00000000f05f8000,0x00000000f26e0000)
  to   space 35520K, 0% used [0x00000000ee180000,0x00000000ee180000,0x00000000f0430000)
 ParOldGen       total 174784K, used 98665K [0x00000000c1800000, 0x00000000cc2b0000, 0x00000000eb2b0000)
  object space 174784K, 56% used [0x00000000c1800000,0x00000000c785a570,0x00000000cc2b0000)
 PSPermGen       total 51392K, used 51203K [0x00000000bc600000, 0x00000000bf830000, 0x00000000c1800000)
  object space 51392K, 99% used [0x00000000bc600000,0x00000000bf800c20,0x00000000bf830000)
GC Heap History (10 events):
Event: 79.328 GC heap before
{Heap before GC invocations=12 (full 0):
 PSYoungGen      total 89088K, used 53696K [0x00000000eb2b0000, 0x00000000f2fb0000, 0x0000000100000000)
  eden space 53376K, 100% used [0x00000000eb2b0000,0x00000000ee6d0000,0x00000000ee6d0000)
  from space 35712K, 0% used [0x00000000ee800000,0x00000000ee850000,0x00000000f0ae0000)
  to   space 37312K, 0% used [0x00000000f0b40000,0x00000000f0b40000,0x00000000f2fb0000)
 ParOldGen       total 174784K, used 78602K [0x00000000c1800000, 0x00000000cc2b0000, 0x00000000eb2b0000)
  object space 174784K, 44% used [0x00000000c1800000,0x00000000c64c2a20,0x00000000cc2b0000)
 PSPermGen       total 46784K, used 46632K [0x00000000bc600000, 0x00000000bf3b0000, 0x00000000c1800000)
  object space 46784K, 99% used [0x00000000bc600000,0x00000000bf38a1d0,0x00000000bf3b0000)
Event: 79.331 GC heap after
Heap after GC invocations=12 (full 0):
 PSYoungGen      total 89024K, used 3801K [0x00000000eb2b0000, 0x00000000f2f30000, 0x0000000100000000)
  eden space 52224K, 0% used [0x00000000eb2b0000,0x00000000eb2b0000,0x00000000ee5b0000)
  from space 36800K, 10% used [0x00000000f0b40000,0x00000000f0ef6650,0x00000000f2f30000)
  to   space 37632K, 0% used [0x00000000ee5b0000,0x00000000ee5b0000,0x00000000f0a70000)
 ParOldGen       total 174784K, used 78802K [0x00000000c1800000, 0x00000000cc2b0000, 0x00000000eb2b0000)
  object space 174784K, 45% used [0x00000000c1800000,0x00000000c64f4a20,0x00000000cc2b0000)
 PSPermGen       total 46784K, used 46632K [0x00000000bc600000, 0x00000000bf3b0000, 0x00000000c1800000)
  object space 46784K, 99% used [0x00000000bc600000,0x00000000bf38a1d0,0x00000000bf3b0000)
}
Event: 89.943 GC heap before
{Heap before GC invocations=13 (full 0):
 PSYoungGen      total 89024K, used 56025K [0x00000000eb2b0000, 0x00000000f2f30000, 0x0000000100000000)
  eden space 52224K, 100% used [0x00000000eb2b0000,0x00000000ee5b0000,0x00000000ee5b0000)
  from space 36800K, 10% used [0x00000000f0b40000,0x00000000f0ef6650,0x00000000f2f30000)
  to   space 37632K, 0% used [0x00000000ee5b0000,0x00000000ee5b0000,0x00000000f0a70000)
 ParOldGen       total 174784K, used 78802K [0x00000000c1800000, 0x00000000cc2b0000, 0x00000000eb2b0000)
  object space 174784K, 45% used [0x00000000c1800000,0x00000000c64f4a20,0x00000000cc2b0000)
 PSPermGen       total 46976K, used 46956K [0x00000000bc600000, 0x00000000bf3e0000, 0x00000000c1800000)
  object space 46976K, 99% used [0x00000000bc600000,0x00000000bf3db090,0x00000000bf3e0000)
Event: 89.946 GC heap after
Heap after GC invocations=13 (full 0):
 PSYoungGen      total 55040K, used 3917K [0x00000000eb2b0000, 0x00000000f2df0000, 0x0000000100000000)
  eden space 51072K, 0% used [0x00000000eb2b0000,0x00000000eb2b0000,0x00000000ee490000)
  from space 3968K, 98% used [0x00000000ee5b0000,0x00000000ee983518,0x00000000ee990000)
  to   space 37568K, 0% used [0x00000000f0940000,0x00000000f0940000,0x00000000f2df0000)
 ParOldGen       total 174784K, used 80044K [0x00000000c1800000, 0x00000000cc2b0000, 0x00000000eb2b0000)
  object space 174784K, 45% used [0x00000000c1800000,0x00000000c662b040,0x00000000cc2b0000)
 PSPermGen       total 46976K, used 46956K [0x00000000bc600000, 0x00000000bf3e0000, 0x00000000c1800000)
  object space 46976K, 99% used [0x00000000bc600000,0x00000000bf3db090,0x00000000bf3e0000)
}
Event: 94.121 GC heap before
{Heap before GC invocations=14 (full 0):
 PSYoungGen      total 55040K, used 54989K [0x00000000eb2b0000, 0x00000000f2df0000, 0x0000000100000000)
  eden space 51072K, 100% used [0x00000000eb2b0000,0x00000000ee490000,0x00000000ee490000)
  from space 3968K, 98% used [0x00000000ee5b0000,0x00000000ee983518,0x00000000ee990000)
  to   space 37568K, 0% used [0x00000000f0940000,0x00000000f0940000,0x00000000f2df0000)
 ParOldGen       total 174784K, used 80044K [0x00000000c1800000, 0x00000000cc2b0000, 0x00000000eb2b0000)
  object space 174784K, 45% used [0x00000000c1800000,0x00000000c662b040,0x00000000cc2b0000)
 PSPermGen       total 49280K, used 49088K [0x00000000bc600000, 0x00000000bf620000, 0x00000000c1800000)
  object space 49280K, 99% used [0x00000000bc600000,0x00000000bf5f0350,0x00000000bf620000)
Event: 94.126 GC heap after
Heap after GC invocations=14 (full 0):
 PSYoungGen      total 85952K, used 2973K [0x00000000eb2b0000, 0x00000000f2c60000, 0x0000000100000000)
  eden space 49984K, 0% used [0x00000000eb2b0000,0x00000000eb2b0000,0x00000000ee380000)
  from space 35968K, 8% used [0x00000000f0940000,0x00000000f0c27528,0x00000000f2c60000)
  to   space 37312K, 0% used [0x00000000ee380000,0x00000000ee380000,0x00000000f07f0000)
 ParOldGen       total 174784K, used 80532K [0x00000000c1800000, 0x00000000cc2b0000, 0x00000000eb2b0000)
  object space 174784K, 46% used [0x00000000c1800000,0x00000000c66a5168,0x00000000cc2b0000)
 PSPermGen       total 49280K, used 49088K [0x00000000bc600000, 0x00000000bf620000, 0x00000000c1800000)
  object space 49280K, 99% used [0x00000000bc600000,0x00000000bf5f0350,0x00000000bf620000)
}
Event: 101.318 GC heap before
{Heap before GC invocations=15 (full 0):
 PSYoungGen      total 85952K, used 52957K [0x00000000eb2b0000, 0x00000000f2c60000, 0x0000000100000000)
  eden space 49984K, 100% used [0x00000000eb2b0000,0x00000000ee380000,0x00000000ee380000)
  from space 35968K, 8% used [0x00000000f0940000,0x00000000f0c27528,0x00000000f2c60000)
  to   space 37312K, 0% used [0x00000000ee380000,0x00000000ee380000,0x00000000f07f0000)
 ParOldGen       total 174784K, used 80532K [0x00000000c1800000, 0x00000000cc2b0000, 0x00000000eb2b0000)
  object space 174784K, 46% used [0x00000000c1800000,0x00000000c66a5168,0x00000000cc2b0000)
 PSPermGen       total 50432K, used 50288K [0x00000000bc600000, 0x00000000bf740000, 0x00000000c1800000)
  object space 50432K, 99% used [0x00000000bc600000,0x00000000bf71c298,0x00000000bf740000)
Event: 101.323 GC heap after
Heap after GC invocations=15 (full 0):
 PSYoungGen      total 58560K, used 9554K [0x00000000eb2b0000, 0x00000000f2820000, 0x0000000100000000)
  eden space 48960K, 0% used [0x00000000eb2b0000,0x00000000eb2b0000,0x00000000ee280000)
  from space 9600K, 99% used [0x00000000ee380000,0x00000000eecd4ab0,0x00000000eece0000)
  to   space 35648K, 0% used [0x00000000f0550000,0x00000000f0550000,0x00000000f2820000)
 ParOldGen       total 174784K, used 82221K [0x00000000c1800000, 0x00000000cc2b0000, 0x00000000eb2b0000)
  object space 174784K, 47% used [0x00000000c1800000,0x00000000c684b598,0x00000000cc2b0000)
 PSPermGen       total 50432K, used 50288K [0x00000000bc600000, 0x00000000bf740000, 0x00000000c1800000)
  object space 50432K, 99% used [0x00000000bc600000,0x00000000bf71c298,0x00000000bf740000)
}
Event: 121.860 GC heap before
{Heap before GC invocations=16 (full 0):
 PSYoungGen      total 58560K, used 58514K [0x00000000eb2b0000, 0x00000000f2820000, 0x0000000100000000)
  eden space 48960K, 100% used [0x00000000eb2b0000,0x00000000ee280000,0x00000000ee280000)
  from space 9600K, 99% used [0x00000000ee380000,0x00000000eecd4ab0,0x00000000eece0000)
  to   space 35648K, 0% used [0x00000000f0550000,0x00000000f0550000,0x00000000f2820000)
 ParOldGen       total 174784K, used 82221K [0x00000000c1800000, 0x00000000cc2b0000, 0x00000000eb2b0000)
  object space 174784K, 47% used [0x00000000c1800000,0x00000000c684b598,0x00000000cc2b0000)
 PSPermGen       total 50432K, used 50428K [0x00000000bc600000, 0x00000000bf740000, 0x00000000c1800000)
  object space 50432K, 99% used [0x00000000bc600000,0x00000000bf73f268,0x00000000bf740000)
Event: 121.866 GC heap after
Heap after GC invocations=16 (full 0):
 PSYoungGen      total 82304K, used 672K [0x00000000eb2b0000, 0x00000000f26e0000, 0x0000000100000000)
  eden space 47936K, 0% used [0x00000000eb2b0000,0x00000000eb2b0000,0x00000000ee180000)
  from space 34368K, 1% used [0x00000000f0550000,0x00000000f05f8000,0x00000000f26e0000)
  to   space 35520K, 0% used [0x00000000ee180000,0x00000000ee180000,0x00000000f0430000)
 ParOldGen       total 174784K, used 98665K [0x00000000c1800000, 0x00000000cc2b0000, 0x00000000eb2b0000)
  object space 174784K, 56% used [0x00000000c1800000,0x00000000c785a570,0x00000000cc2b0000)
 PSPermGen       total 50432K, used 50428K [0x00000000bc600000, 0x00000000bf740000, 0x00000000c1800000)
  object space 50432K, 99% used [0x00000000bc600000,0x00000000bf73f268,0x00000000bf740000)
}

